
> my-v0-project@0.1.0 dev
> next dev

   ▲ Next.js 15.2.4
   - Local:        http://localhost:3000
   - Network:      http://192.168.3.239:3000
   - Environments: .env

 ✓ Starting...
 ✓ Ready in 1834ms
 ○ Compiling /_not-found ...
 ✓ Compiled /_not-found in 2.1s (821 modules)
 ⚠ Fast Refresh had to perform a full reload. Read more: https://nextjs.org/docs/messages/fast-refresh-reload
 GET /_next/static/webpack/db0d6d4a4c44f942.webpack.hot-update.json 404 in 2649ms
 ○ Compiling /capture ...
 ✓ Compiled /capture in 2.8s (1669 modules)
 ⚠ Fast Refresh had to perform a full reload. Read more: https://nextjs.org/docs/messages/fast-refresh-reload
 GET /capture?tool=magic-broom 200 in 2665ms
 GET /_next/static/webpack/db0d6d4a4c44f942.webpack.hot-update.json 404 in 2588ms
 GET /capture?tool=magic-broom 200 in 42ms
 ○ Compiling / ...
 ✓ Compiled / in 891ms (1747 modules)
 GET / 200 in 1206ms
 GET / 200 in 68ms
 GET / 200 in 49ms
 GET /capture?tool=magic-broom 200 in 56ms
 ○ Compiling /collection ...
 ✓ Compiled /collection in 622ms (1894 modules)
 GET /collection 200 in 726ms
 GET / 200 in 60ms
 GET /capture?tool=gentle-hand 200 in 42ms
 GET /collection 200 in 39ms
 ✓ Compiled in 1079ms (1908 modules)
 GET /collection 200 in 90ms
 GET / 200 in 97ms
